Sections:
00: ".text" (0-18F)
01: ".bss" (0-0)
02: ".rodata" (0-0)


Source: "bootrom.asm"
                              	     1:    
                              	     2: 	.text
                              	     3: 	.align	5
                              	     4:  
                              	     5: #{++ _Delay3s
                              	     6: 	.sdreg	60
                              	     7: 	.sd2reg	59
                              	     8: _Delay3s:
00:0000000000000000 84FF07FFFF	     9:   sub sp,sp,32
00:0000000000000005 53DF070000	    10:   sto fp,[sp]
00:000000000000000A 0FFF070000	    11:   mov fp,sp
00:000000000000000F D3BC870000	    12:   sto lr1,16[fp]
00:0000000000000014 84FF87FEFF	    13:   sub sp,sp,48
00:0000000000000019 53C8070000	    14:   sto s0,[sp]
00:000000000000001E D3C8470000	    15:   sto s1,8[sp]
00:0000000000000023 840800F87F	    16:   ldi s1,1048320
00:0000000000000028 B3A8FD0100	    17:   orm s1,4077
00:000000000000002D 0F08000000	    18:   mov s0,r0
00:0000000000000032 8402009F24	    19:   ldi t1,300000
00:0000000000000037 290A2A0A00	    20:   bge s0,t1,.00016
                              	    21: .00015:
00:000000000000003C FF3C000058	    22:   asr t0,s0,17
00:0000000000000041 028A2000
00:0000000000000045 530200F8FF	    23:   sto t0,4276092672
00:000000000000004A 3C00FFDFFE
                              	    24: .00017:
00:000000000000004F 04080A0000	    25:   add s0,s0,1
00:0000000000000054 29012AFEFF	    26:   blt s0,t1,.00015
                              	    27: .00016:
                              	    28: .00014:
00:0000000000000059 46C8070000	    29:   ldo s0,[sp]
00:000000000000005E C6C8470000	    30:   ldo s1,8[sp]
00:0000000000000063 8FDF070000	    31:   mov sp,fp
00:0000000000000068 46DF070000	    32:   ldo fp,[sp]
00:000000000000006D 04E0078000	    33:   rtd sp,sp,32
                              	    34: 	.type	_Delay3s,@function
                              	    35: 	.size	_Delay3s,$-_Delay3s
                              	    36: 
                              	    37: 
                              	    38: 	.bss
                              	    39: 	.align	14
                              	    40: 
                              	    41: #--}
                              	    42:    
                              	    43: 	.text
                              	    44: 	.align	5
                              	    45:    
                              	    46: #{++ _bootrom
                              	    47: 
                              	    48: 	.align 5
                              	    49: 
                              	    50: 	.sdreg	60
                              	    51: 	.sd2reg	59
                              	    52: _bootrom:
00:0000000000000080 84FF07FFFF	    53:   sub sp,sp,32
00:0000000000000085 53DF070000	    54:   sto fp,[sp]
00:000000000000008A 0FFF070000	    55:   mov fp,sp
00:000000000000008F D3BC870000	    56:   sto lr1,16[fp]
00:0000000000000094 84FF07FEFF	    57:   sub sp,sp,64
00:0000000000000099 2000FAFFFF	    58:   bsr lr2,__store_s0s3
00:000000000000009E 840900F927	    59:   ldi s3,327456
00:00000000000000A3 B3E9FF0100	    60:   orm s3,4095
00:00000000000000A8 8408000040	    61:   ldi s1,524288
00:00000000000000AD B3E8FF0100	    62:   orm s1,4095
00:00000000000000B2 0402000040	    63:   ldi t0,524288
00:00000000000000B7 33E2FF0100	    64:   orm t0,4095
00:00000000000000BC FF3C000053	    65:   sto t0,[s3]
00:00000000000000C1 62020000
00:00000000000000C5 040900E80F	    66:   ldi s2,130304
00:00000000000000CA 33C9FD0100	    67:   orm s2,4078
00:00000000000000CF 72FFFF0000	    68:   sync 65535
00:00000000000000D4 0F08000000	    69:   mov s0,r0
00:00000000000000D9 8402800000	    70:   ldi t1,16
00:00000000000000DE 29122A0400	    71:   bge s0,t1,.00032
                              	    72: .00031:
00:00000000000000E3 572082C600	    73:   sto r0,0[s1+s0*]
                              	    74: .00033:
00:00000000000000E8 04080A0000	    75:   add s0,s0,1
00:00000000000000ED 29192A0200	    76:   blt s0,t1,.00031
                              	    77: .00032:
00:00000000000000F2 0402F8F67F	    78:   ldi t0,1048287
00:00000000000000F7 33E2FFFF1F	    79:   orm t0,16777215
00:00000000000000FC FF3C00003B	    80:   orh t0,16265216
00:0000000000000101 0200061F
00:0000000000000105 532202BE3D	    81:   sto t0,505792[s1]
00:000000000000010A 040200F67F	    82:   ldi t0,1048256
00:000000000000010F 33E2FFFF1F	    83:   orm t0,16777215
00:0000000000000114 3B0200061F	    84:   orh t0,16265216
00:0000000000000119 532202803D	    85:   sto t0,503808[s1]
00:000000000000011E 0402E0F67F	    86:   ldi t0,1048284
00:0000000000000123 33E2FFFF1F	    87:   orm t0,16777215
00:0000000000000128 3B0200061F	    88:   orh t0,16265216
00:000000000000012D 532202B83D	    89:   sto t0,505600[s1]
00:0000000000000132 040208F77F	    90:   ldi t0,1048289
00:0000000000000137 33E2FFFF1F	    91:   orm t0,16777215
00:000000000000013C FF3C00003B	    92:   orh t0,16265216
00:0000000000000141 0200061F
00:0000000000000145 532202C23D	    93:   sto t0,505920[s1]
00:000000000000014A 72FFFF0000	    94:   sync 65535
00:000000000000014F 5240020200	    95:   stt r0,64[s2]
00:0000000000000154 0402C8CC4C	    96:   ldi t0,629145
00:0000000000000159 3322330100	    97:   orm t0,2457
00:000000000000015E 5242020400	    98:   stt t0,128[s2]
00:0000000000000163 3322330100	    99:   orm t0,2457
00:0000000000000168 5242020600	   100:   stt t0,192[s2]
00:000000000000016D 201CF6FFFF	   101:   bsr _Delay3s
                              	   102: .00030:
00:0000000000000172 2000F4FFFF	   103:   bsr lr2,__load_s0s3
00:0000000000000177 C6BC870000	   104:   ldo lr1,16[fp]
00:000000000000017C FF3C00008F	   105:   mov sp,fp
00:0000000000000181 DF070000
00:0000000000000185 46DF070000	   106:   ldo fp,[sp]
00:000000000000018A 04E0078000	   107:   rtd sp,sp,32
                              	   108: 	.type	_bootrom,@function
                              	   109: 	.size	_bootrom,$-_bootrom
                              	   110: 
                              	   111: 
                              	   112: 	.bss
                              	   113: 	.align	14
                              	   114: 
                              	   115: #--}
                              	   116: 
                              	   117: 	.rodata
                              	   118: 	.align	14
                              	   119: 
                              	   120: 	.extern	_start_bss
                              	   121: 	.global	_bootrom
                              	   122: 	.extern	_start_rodata
                              	   123: 	.extern	_start_data
                              	   124: 


Symbols by name:
_Delay3s                        00:0000000000000000
__load_s0s3                     external
__store_s0s3                    external
_bootrom                        00:0000000000000080 EXP
_start_bss                      external EXP
_start_data                     external EXP
_start_rodata                   external EXP

Symbols by value:
0000000000000000 _Delay3s
0000000000000080 _bootrom
